Arguments: 
  /Users/mac/.nvm/versions/node/v10.16.0/bin/node /Users/mac/.nvm/versions/node/v10.16.0/bin/yarn add babel-plugin-import

PATH: 
  /Users/mac/.nvm/versions/node/v10.16.0/bin:/usr/local/bin:/usr/bin:/bin:/usr/sbin:/sbin

Yarn version: 
  1.17.3

Node version: 
  10.16.0

Platform: 
  darwin x64

Trace: 
  SyntaxError: /Volumes/Work/editPano/package.json: Unexpected token / in JSON at position 508
      at JSON.parse (<anonymous>)
      at /Users/mac/.nvm/versions/node/v10.16.0/lib/node_modules/yarn/lib/cli.js:1625:59
      at Generator.next (<anonymous>)
      at step (/Users/mac/.nvm/versions/node/v10.16.0/lib/node_modules/yarn/lib/cli.js:304:30)
      at /Users/mac/.nvm/versions/node/v10.16.0/lib/node_modules/yarn/lib/cli.js:315:13

npm manifest: 
  {
    "name": "yjtec-pano",
    "version": "0.0.1",
    "description": "yjtec edit pano",
    "main": "lib/index.js",
    "files":[
      "lib",
      "es"
    ],
    "module": "dist/index.esm.js",
    "authors": {
      "name": "MT",
      "email": "jiangkun13@163.com"
    },
    "repository": "https://github.com/yjtec/yjtec-pano/yjtec-pano",
    "scripts": {
      "dev": "father doc dev",
      "build": "father build",
      "watch": "father build --watch"
    },
    "peerDependencies": {
      "react": "16.x"
    },
    "devDependencies": {
      // "father": "^2.16.0"
    },
    "license": "MIT"
  }

yarn manifest: 
  No manifest

Lockfile: 
  No lockfile
